# JRE version: OpenJDK Runtime Environment (8.0_352-b08) (build 1.8.0_352-8u352-ga-1~18.04-b08)
# Java VM: OpenJDK 64-Bit Server VM (25.352-b08 mixed mode linux-amd64 compressed oops)
Heap:
 PSYoungGen      total 73728K, used 5681K [0x00000000f5980000, 0x00000000fa880000, 0x0000000100000000)
  eden space 67584K, 0% used [0x00000000f5980000,0x00000000f5980000,0x00000000f9b80000)
  from space 6144K, 92% used [0x00000000f9b80000,0x00000000fa10c670,0x00000000fa180000)
  to   space 5120K, 0% used [0x00000000fa180000,0x00000000fa180000,0x00000000fa680000)
 ParOldGen       total 22016K, used 8651K [0x00000000e0c00000, 0x00000000e2180000, 0x00000000f5980000)
  object space 22016K, 39% used [0x00000000e0c00000,0x00000000e1472e40,0x00000000e2180000)
 Metaspace       used 20584K, capacity 21090K, committed 21296K, reserved 1069056K
  class space    used 2523K, capacity 2643K, committed 2688K, reserved 1048576K
GC Heap History (10 events):
Event: 1.095 GC heap after
Heap after GC invocations=4 (full 0):
 PSYoungGen      total 18432K, used 1020K [0x00000000f5980000, 0x00000000f6c80000, 0x0000000100000000)
  eden space 17408K, 0% used [0x00000000f5980000,0x00000000f5980000,0x00000000f6a80000)
  from space 1024K, 99% used [0x00000000f6b80000,0x00000000f6c7f260,0x00000000f6c80000)
  to   space 1024K, 0% used [0x00000000f6a80000,0x00000000f6a80000,0x00000000f6b80000)
 ParOldGen       total 22016K, used 3690K [0x00000000e0c00000, 0x00000000e2180000, 0x00000000f5980000)
  object space 22016K, 16% used [0x00000000e0c00000,0x00000000e0f9a948,0x00000000e2180000)
 Metaspace       used 8044K, capacity 8220K, committed 8320K, reserved 1056768K
  class space    used 1001K, capacity 1080K, committed 1152K, reserved 1048576K
}
Event: 1.263 GC heap before
{Heap before GC invocations=5 (full 0):
 PSYoungGen      total 18432K, used 18428K [0x00000000f5980000, 0x00000000f6c80000, 0x0000000100000000)
  eden space 17408K, 100% used [0x00000000f5980000,0x00000000f6a80000,0x00000000f6a80000)
  from space 1024K, 99% used [0x00000000f6b80000,0x00000000f6c7f260,0x00000000f6c80000)
  to   space 1024K, 0% used [0x00000000f6a80000,0x00000000f6a80000,0x00000000f6b80000)
 ParOldGen       total 22016K, used 3690K [0x00000000e0c00000, 0x00000000e2180000, 0x00000000f5980000)
  object space 22016K, 16% used [0x00000000e0c00000,0x00000000e0f9a948,0x00000000e2180000)
 Metaspace       used 9849K, capacity 9972K, committed 9984K, reserved 1058816K
  class space    used 1214K, capacity 1277K, committed 1280K, reserved 1048576K
Event: 1.266 GC heap after
Heap after GC invocations=5 (full 0):
 PSYoungGen      total 18432K, used 1004K [0x00000000f5980000, 0x00000000f8280000, 0x0000000100000000)
  eden space 17408K, 0% used [0x00000000f5980000,0x00000000f5980000,0x00000000f6a80000)
  from space 1024K, 98% used [0x00000000f6a80000,0x00000000f6b7b270,0x00000000f6b80000)
  to   space 3584K, 0% used [0x00000000f7f00000,0x00000000f7f00000,0x00000000f8280000)
 ParOldGen       total 22016K, used 6251K [0x00000000e0c00000, 0x00000000e2180000, 0x00000000f5980000)
  object space 22016K, 28% used [0x00000000e0c00000,0x00000000e121ae18,0x00000000e2180000)
 Metaspace       used 9849K, capacity 9972K, committed 9984K, reserved 1058816K
  class space    used 1214K, capacity 1277K, committed 1280K, reserved 1048576K
}
Event: 1.427 GC heap before
{Heap before GC invocations=6 (full 0):
 PSYoungGen      total 18432K, used 18412K [0x00000000f5980000, 0x00000000f8280000, 0x0000000100000000)
  eden space 17408K, 100% used [0x00000000f5980000,0x00000000f6a80000,0x00000000f6a80000)
  from space 1024K, 98% used [0x00000000f6a80000,0x00000000f6b7b270,0x00000000f6b80000)
  to   space 3584K, 0% used [0x00000000f7f00000,0x00000000f7f00000,0x00000000f8280000)
 ParOldGen       total 22016K, used 6251K [0x00000000e0c00000, 0x00000000e2180000, 0x00000000f5980000)
  object space 22016K, 28% used [0x00000000e0c00000,0x00000000e121ae18,0x00000000e2180000)
 Metaspace       used 11652K, capacity 11784K, committed 12160K, reserved 1060864K
  class space    used 1466K, capacity 1540K, committed 1664K, reserved 1048576K
Event: 1.431 GC heap after
Heap after GC invocations=6 (full 0):
 PSYoungGen      total 37888K, used 3561K [0x00000000f5980000, 0x00000000f8380000, 0x0000000100000000)
  eden space 34304K, 0% used [0x00000000f5980000,0x00000000f5980000,0x00000000f7b00000)
  from space 3584K, 99% used [0x00000000f7f00000,0x00000000f827a7d0,0x00000000f8280000)
  to   space 4096K, 0% used [0x00000000f7b00000,0x00000000f7b00000,0x00000000f7f00000)
 ParOldGen       total 22016K, used 6346K [0x00000000e0c00000, 0x00000000e2180000, 0x00000000f5980000)
  object space 22016K, 28% used [0x00000000e0c00000,0x00000000e1232820,0x00000000e2180000)
 Metaspace       used 11652K, capacity 11784K, committed 12160K, reserved 1060864K
  class space    used 1466K, capacity 1540K, committed 1664K, reserved 1048576K
}
Event: 1.972 GC heap before
{Heap before GC invocations=7 (full 0):
 PSYoungGen      total 37888K, used 37865K [0x00000000f5980000, 0x00000000f8380000, 0x0000000100000000)
  eden space 34304K, 100% used [0x00000000f5980000,0x00000000f7b00000,0x00000000f7b00000)
  from space 3584K, 99% used [0x00000000f7f00000,0x00000000f827a7d0,0x00000000f8280000)
  to   space 4096K, 0% used [0x00000000f7b00000,0x00000000f7b00000,0x00000000f7f00000)
 ParOldGen       total 22016K, used 6346K [0x00000000e0c00000, 0x00000000e2180000, 0x00000000f5980000)
  object space 22016K, 28% used [0x00000000e0c00000,0x00000000e1232820,0x00000000e2180000)
 Metaspace       used 14773K, capacity 14968K, committed 15360K, reserved 1062912K
  class space    used 1849K, capacity 1933K, committed 2048K, reserved 1048576K
Event: 1.981 GC heap after
Heap after GC invocations=7 (full 0):
 PSYoungGen      total 38400K, used 4075K [0x00000000f5980000, 0x00000000fa680000, 0x0000000100000000)
  eden space 34304K, 0% used [0x00000000f5980000,0x00000000f5980000,0x00000000f7b00000)
  from space 4096K, 99% used [0x00000000f7b00000,0x00000000f7efadd0,0x00000000f7f00000)
  to   space 5120K, 0% used [0x00000000fa180000,0x00000000fa180000,0x00000000fa680000)
 ParOldGen       total 22016K, used 7040K [0x00000000e0c00000, 0x00000000e2180000, 0x00000000f5980000)
  object space 22016K, 31% used [0x00000000e0c00000,0x00000000e12e0070,0x00000000e2180000)
 Metaspace       used 14773K, capacity 14968K, committed 15360K, reserved 1062912K
  class space    used 1849K, capacity 1933K, committed 2048K, reserved 1048576K
}
Event: 2.787 GC heap before
{Heap before GC invocations=8 (full 0):
 PSYoungGen      total 38400K, used 38379K [0x00000000f5980000, 0x00000000fa680000, 0x0000000100000000)
  eden space 34304K, 100% used [0x00000000f5980000,0x00000000f7b00000,0x00000000f7b00000)
  from space 4096K, 99% used [0x00000000f7b00000,0x00000000f7efadd0,0x00000000f7f00000)
  to   space 5120K, 0% used [0x00000000fa180000,0x00000000fa180000,0x00000000fa680000)
 ParOldGen       total 22016K, used 7040K [0x00000000e0c00000, 0x00000000e2180000, 0x00000000f5980000)
  object space 22016K, 31% used [0x00000000e0c00000,0x00000000e12e0070,0x00000000e2180000)
 Metaspace       used 17111K, capacity 17384K, committed 17536K, reserved 1064960K
  class space    used 2074K, capacity 2173K, committed 2176K, reserved 1048576K
Event: 2.793 GC heap after
Heap after GC invocations=8 (full 0):
 PSYoungGen      total 72704K, used 5108K [0x00000000f5980000, 0x00000000fa880000, 0x0000000100000000)
  eden space 67584K, 0% used [0x00000000f5980000,0x00000000f5980000,0x00000000f9b80000)
  from space 5120K, 99% used [0x00000000fa180000,0x00000000fa67d1a0,0x00000000fa680000)
  to   space 6144K, 0% used [0x00000000f9b80000,0x00000000f9b80000,0x00000000fa180000)
 ParOldGen       total 22016K, used 7449K [0x00000000e0c00000, 0x00000000e2180000, 0x00000000f5980000)
  object space 22016K, 33% used [0x00000000e0c00000,0x00000000e1346600,0x00000000e2180000)
 Metaspace       used 17111K, capacity 17384K, committed 17536K, reserved 1064960K
  class space    used 2074K, capacity 2173K, committed 2176K, reserved 1048576K
}
Event: 6.524 GC heap before
{Heap before GC invocations=9 (full 0):
 PSYoungGen      total 72704K, used 56438K [0x00000000f5980000, 0x00000000fa880000, 0x0000000100000000)
  eden space 67584K, 75% used [0x00000000f5980000,0x00000000f8ba07e0,0x00000000f9b80000)
  from space 5120K, 99% used [0x00000000fa180000,0x00000000fa67d1a0,0x00000000fa680000)
  to   space 6144K, 0% used [0x00000000f9b80000,0x00000000f9b80000,0x00000000fa180000)
 ParOldGen       total 22016K, used 7449K [0x00000000e0c00000, 0x00000000e2180000, 0x00000000f5980000)
  object space 22016K, 33% used [0x00000000e0c00000,0x00000000e1346600,0x00000000e2180000)
 Metaspace       used 20584K, capacity 21090K, committed 21296K, reserved 1069056K
  class space    used 2523K, capacity 2643K, committed 2688K, reserved 1048576K

